[percy] Notice: Percy collects CI logs to improve service and enhance your experience. These logs help us debug issues and provide insights on your dashboards, making it easier to optimize the product experience. Logs are stored securely for 30 days. You can opt out anytime with export PERCY_CLIENT_ERROR_LOGS=false, but keeping this enabled helps us offer the best support and features.
[percy] Percy has started!
[[95mpercy[39m] [com.Browserstack.TestBrowserstack-testBrowserStack-click-0] : Starting automate screenshot capture ...
[[95mpercy[39m] [com.Browserstack.TestBrowserstack-testBrowserStack-click-0] : Starting automate screenshot capture ...
[percy] Snapshot taken: com.Browserstack.TestBrowserstack-testBrowserStack-click-0
[[95mpercy[39m] [com.Browserstack.TestBrowserstack-testBrowserStack-click-0] : Starting automate screenshot capture ...
[[95mpercy[39m] [com.Browserstack.TestBrowserstack-testBrowserStack-click-1] : Starting automate screenshot capture ...
[percy] Snapshot taken: com.Browserstack.TestBrowserstack-testBrowserStack-click-1
[[95mpercy[39m] [com.Browserstack.TestBrowserstack-testBrowserStack-click-2] : Starting automate screenshot capture ...
[percy] Snapshot taken: com.Browserstack.TestBrowserstack-testBrowserStack-click-0
[percy] Snapshot taken: com.Browserstack.TestBrowserstack-testBrowserStack-click-0
[[95mpercy[39m] [com.Browserstack.TestBrowserstack-testBrowserStack-click-1] : Starting automate screenshot capture ...
[[95mpercy[39m] [com.Browserstack.TestBrowserstack-testBrowserStack-click-1] : Starting automate screenshot capture ...
[percy] Snapshot taken: com.Browserstack.TestBrowserstack-testBrowserStack-click-2
[[95mpercy[39m] [com.Browserstack.TestBrowserstack-testBrowserStack-click-0] : Starting automate screenshot capture ...
[percy] Snapshot taken: com.Browserstack.TestBrowserstack-testBrowserStack-click-1
[percy] Snapshot taken: com.Browserstack.TestBrowserstack-testBrowserStack-click-1
[[95mpercy[39m] [com.Browserstack.TestBrowserstack-testBrowserStack-click-0] : Starting automate screenshot capture ...
[[95mpercy[39m] [com.Browserstack.TestBrowserstack-testBrowserStack-click-3] : Starting automate screenshot capture ...
[[95mpercy[39m] [com.Browserstack.TestBrowserstack-testBrowserStack-click-2] : Starting automate screenshot capture ...
[percy] Snapshot taken: com.Browserstack.TestBrowserstack-testBrowserStack-click-3
[[95mpercy[39m] [com.Browserstack.TestBrowserstack-testBrowserStack-click-2] : Starting automate screenshot capture ...
[percy] Snapshot taken: com.Browserstack.TestBrowserstack-testBrowserStack-click-2
[percy] Snapshot taken: com.Browserstack.TestBrowserstack-testBrowserStack-click-2
[percy] Snapshot taken: com.Browserstack.TestBrowserstack-testBrowserStack-click-0
[[95mpercy[39m] [com.Browserstack.TestBrowserstack-testBrowserStack-click-4] : Starting automate screenshot capture ...
[[95mpercy[39m] [com.Browserstack.TestBrowserstack-testBrowserStack-click-1] : Starting automate screenshot capture ...
[[95mpercy[39m] [com.Browserstack.TestBrowserstack-testBrowserStack-click-3] : Starting automate screenshot capture ...
[[95mpercy[39m] [com.Browserstack.TestBrowserstack-testBrowserStack-click-3] : Starting automate screenshot capture ...
[percy] Snapshot taken: com.Browserstack.TestBrowserstack-testBrowserStack-click-0
[percy] Snapshot taken: com.Browserstack.TestBrowserstack-testBrowserStack-click-4
[percy] Snapshot taken: com.Browserstack.TestBrowserstack-testBrowserStack-click-1
[percy] Snapshot taken: com.Browserstack.TestBrowserstack-testBrowserStack-click-3
[[95mpercy[39m] [com.Browserstack.TestBrowserstack-testBrowserStack-click-2] : Starting automate screenshot capture ...
[percy] Snapshot taken: com.Browserstack.TestBrowserstack-testBrowserStack-click-3
[[95mpercy[39m] [com.Browserstack.TestBrowserstack-testBrowserStack-click-1] : Starting automate screenshot capture ...
[percy] Snapshot taken: com.Browserstack.TestBrowserstack-testBrowserStack-click-2
[[95mpercy[39m] [com.Browserstack.TestBrowserstack-testBrowserStack-click-5] : Starting automate screenshot capture ...
[[95mpercy[39m] [com.Browserstack.TestBrowserstack-testBrowserStack-click-4] : Starting automate screenshot capture ...
[[95mpercy[39m] [com.Browserstack.TestBrowserstack-testBrowserStack-click-3] : Starting automate screenshot capture ...
[[95mpercy[39m] [com.Browserstack.TestBrowserstack-testBrowserStack-click-4] : Starting automate screenshot capture ...
[percy] Snapshot taken: com.Browserstack.TestBrowserstack-testBrowserStack-click-4
[percy] Snapshot taken: com.Browserstack.TestBrowserstack-testBrowserStack-click-1
[percy] Snapshot taken: com.Browserstack.TestBrowserstack-testBrowserStack-click-5
[percy] Snapshot taken: com.Browserstack.TestBrowserstack-testBrowserStack-click-3
[percy] Snapshot taken: com.Browserstack.TestBrowserstack-testBrowserStack-click-4
[[95mpercy[39m] [com.Browserstack.TestBrowserstack-testBrowserStack-click-2] : Starting automate screenshot capture ...
[[95mpercy[39m] [com.Browserstack.TestBrowserstack-testBrowserStack-click-6] : Starting automate screenshot capture ...
[[95mpercy[39m] [com.Browserstack.TestBrowserstack-testBrowserStack-click-5] : Starting automate screenshot capture ...
[[95mpercy[39m] [com.Browserstack.TestBrowserstack-testBrowserStack-click-4] : Starting automate screenshot capture ...
[percy] Snapshot taken: com.Browserstack.TestBrowserstack-testBrowserStack-click-6
[[95mpercy[39m] [com.Browserstack.TestBrowserstack-testBrowserStack-click-5] : Starting automate screenshot capture ...
[percy] Snapshot taken: com.Browserstack.TestBrowserstack-testBrowserStack-click-2
[percy] Snapshot taken: com.Browserstack.TestBrowserstack-testBrowserStack-click-4
[percy] Snapshot taken: com.Browserstack.TestBrowserstack-testBrowserStack-click-5
[[95mpercy[39m] [com.Browserstack.TestBrowserstack-testBrowserStack-click-7] : Starting automate screenshot capture ...
[percy] Snapshot taken: com.Browserstack.TestBrowserstack-testBrowserStack-click-5
[[95mpercy[39m] [com.Browserstack.TestBrowserstack-testBrowserStack-click-3] : Starting automate screenshot capture ...
[percy] Snapshot taken: com.Browserstack.TestBrowserstack-testBrowserStack-click-7
[[95mpercy[39m] [com.Browserstack.TestBrowserstack-testBrowserStack-click-5] : Starting automate screenshot capture ...
[percy] Snapshot taken: com.Browserstack.TestBrowserstack-testBrowserStack-click-3
[[95mpercy[39m] [com.Browserstack.TestBrowserstack-testBrowserStack-click-6] : Starting automate screenshot capture ...
[[95mpercy[39m] [com.Browserstack.TestBrowserstack-testBrowserStack-click-6] : Starting automate screenshot capture ...
[percy] Snapshot taken: com.Browserstack.TestBrowserstack-testBrowserStack-click-5
[percy] Snapshot taken: com.Browserstack.TestBrowserstack-testBrowserStack-click-6
[[95mpercy[39m] [com.Browserstack.TestBrowserstack-testBrowserStack-click-8] : Starting automate screenshot capture ...
[percy] Snapshot taken: com.Browserstack.TestBrowserstack-testBrowserStack-click-6
[[95mpercy[39m] [com.Browserstack.TestBrowserstack-testBrowserStack-click-6] : Starting automate screenshot capture ...
[[95mpercy[39m] [com.Browserstack.TestBrowserstack-testBrowserStack-click-4] : Starting automate screenshot capture ...
[percy] Snapshot taken: com.Browserstack.TestBrowserstack-testBrowserStack-click-8
[[95mpercy[39m] [com.Browserstack.TestBrowserstack-testBrowserStack-click-7] : Starting automate screenshot capture ...
[[95mpercy[39m] [com.Browserstack.TestBrowserstack-testBrowserStack-click-7] : Starting automate screenshot capture ...
[percy] Snapshot taken: com.Browserstack.TestBrowserstack-testBrowserStack-click-6
[percy] Snapshot taken: com.Browserstack.TestBrowserstack-testBrowserStack-click-7
[percy] Snapshot taken: com.Browserstack.TestBrowserstack-testBrowserStack-click-7
[percy] Snapshot taken: com.Browserstack.TestBrowserstack-testBrowserStack-click-4
[[95mpercy[39m] [com.Browserstack.TestBrowserstack-testBrowserStack-click-7] : Starting automate screenshot capture ...
[[95mpercy[39m] [com.Browserstack.TestBrowserstack-testBrowserStack-click-5] : Starting automate screenshot capture ...
[[95mpercy[39m] [com.Browserstack.TestBrowserstack-testBrowserStack-click-8] : Starting automate screenshot capture ...
[[95mpercy[39m] [com.Browserstack.TestBrowserstack-testBrowserStack-click-8] : Starting automate screenshot capture ...
[percy] Snapshot taken: com.Browserstack.TestBrowserstack-testBrowserStack-click-7
[percy] Snapshot taken: com.Browserstack.TestBrowserstack-testBrowserStack-click-8
[percy] Snapshot taken: com.Browserstack.TestBrowserstack-testBrowserStack-click-8
[percy] Snapshot taken: com.Browserstack.TestBrowserstack-testBrowserStack-click-5
[[95mpercy[39m] [com.Browserstack.TestBrowserstack-testBrowserStack-click-8] : Starting automate screenshot capture ...
[[95mpercy[39m] [com.Browserstack.TestBrowserstack-testBrowserStack-click-6] : Starting automate screenshot capture ...
[percy] Snapshot taken: com.Browserstack.TestBrowserstack-testBrowserStack-click-8
[percy] Snapshot taken: com.Browserstack.TestBrowserstack-testBrowserStack-click-6
[[95mpercy[39m] [com.Browserstack.TestBrowserstack-testBrowserStack-click-7] : Starting automate screenshot capture ...
[percy] Snapshot taken: com.Browserstack.TestBrowserstack-testBrowserStack-click-7
[[95mpercy[39m] [com.Browserstack.TestBrowserstack-testBrowserStack-click-8] : Starting automate screenshot capture ...
[percy] Snapshot taken: com.Browserstack.TestBrowserstack-testBrowserStack-click-8
[percy] Finalized build #7: https://percy.io/edd12ceb/BrowserStack-Selenium/builds/37982745
[percy] Build's CLI and CI logs sent successfully. Please share this log ID with Percy team in case of any issues - 37982745_build_37982745_cli_4407cc3a98ef38df7828c5644ff3be0ceff0e714
